D:\Games\VS2022\IDE\MSBuild\Microsoft\VC\v170\Microsoft.CppBuild.targets(517,5): warning MSB8004: Output Directory does not end with a trailing slash.  This build instance will add the slash as it is required to allow proper evaluation of the Output Directory.
  AeroElement.cpp
D:\Games\VS2022\community-a4e-c-master\A-4E-C\ExternalFM\FM\Vec3.h(174,4): warning C4244: 'initializing': conversion from 'const double' to 'float', possible loss of data
D:\Games\VS2022\community-a4e-c-master\A-4E-C\ExternalFM\FM\Vec3.h(174,14): warning C4244: 'initializing': conversion from 'const double' to 'float', possible loss of data
D:\Games\VS2022\community-a4e-c-master\A-4E-C\ExternalFM\FM\Vec3.h(174,24): warning C4244: 'initializing': conversion from 'const double' to 'float', possible loss of data
D:\Games\VS2022\community-a4e-c-master\A-4E-C\ExternalFM\FM\Table.h(30,20): warning C4244: '=': conversion from 'double' to 'int', possible loss of data
D:\Games\VS2022\community-a4e-c-master\A-4E-C\ExternalFM\FM\Table.h(41,13): warning C4244: 'initializing': conversion from 'double' to 'int', possible loss of data
D:\Games\VS2022\community-a4e-c-master\A-4E-C\ExternalFM\FM\Table.h(42,13): warning C4244: 'initializing': conversion from 'double' to 'int', possible loss of data
D:\Games\VS2022\community-a4e-c-master\A-4E-C\ExternalFM\FM\Table.h(75,20): warning C4244: '=': conversion from 'double' to 'int', possible loss of data
D:\Games\VS2022\community-a4e-c-master\A-4E-C\ExternalFM\FM\Table.h(86,13): warning C4244: 'initializing': conversion from 'double' to 'int', possible loss of data
D:\Games\VS2022\community-a4e-c-master\A-4E-C\ExternalFM\FM\Table.h(87,13): warning C4244: 'initializing': conversion from 'double' to 'int', possible loss of data
D:\Games\VS2022\community-a4e-c-master\A-4E-C\ExternalFM\FM\Interface.h(221,26): warning C4477: 'sscanf_s' : format string '%p' requires an argument of type 'void **', but variadic argument 1 has type 'uintptr_t *'
D:\Games\VS2022\community-a4e-c-master\A-4E-C\ExternalFM\FM\Engine2.h(31,1): warning C4005: 'PI': macro redefinition
D:\Games\VS2022\community-a4e-c-master\A-4E-C\ExternalFM\FM\Maths.h(23,1): message : see previous definition of 'PI'
D:\Games\VS2022\community-a4e-c-master\A-4E-C\ExternalFM\FM\Airframe.h(379,54): warning C4244: 'argument': conversion from 'double' to 'float', possible loss of data
D:\Games\VS2022\community-a4e-c-master\A-4E-C\ExternalFM\FM\Airframe.h(755,50): warning C4244: '=': conversion from 'double' to 'float', possible loss of data
D:\Games\VS2022\community-a4e-c-master\A-4E-C\ExternalFM\FM\Airframe.h(765,107): warning C4244: 'return': conversion from 'double' to 'float', possible loss of data
D:\Games\VS2022\community-a4e-c-master\A-4E-C\ExternalFM\FM\Airframe.h(770,107): warning C4244: 'return': conversion from 'double' to 'float', possible loss of data
D:\Games\VS2022\community-a4e-c-master\A-4E-C\ExternalFM\FM\Airframe.h(775,69): warning C4244: 'return': conversion from 'double' to 'float', possible loss of data
D:\Games\VS2022\community-a4e-c-master\A-4E-C\ExternalFM\FM\Airframe.h(780,76): warning C4244: 'return': conversion from 'double' to 'float', possible loss of data
D:\Games\VS2022\community-a4e-c-master\A-4E-C\ExternalFM\FM\Airframe.h(790,79): warning C4244: 'return': conversion from 'double' to 'float', possible loss of data
D:\Games\VS2022\community-a4e-c-master\A-4E-C\ExternalFM\FM\Airframe.h(795,75): warning C4244: 'return': conversion from 'double' to 'float', possible loss of data
D:\Games\VS2022\community-a4e-c-master\A-4E-C\ExternalFM\FM\Airframe.h(800,13): warning C4244: 'return': conversion from 'double' to 'float', possible loss of data
D:\Games\VS2022\community-a4e-c-master\A-4E-C\ExternalFM\FM\Airframe.h(804,13): warning C4244: 'return': conversion from 'double' to 'float', possible loss of data
D:\Games\VS2022\community-a4e-c-master\A-4E-C\ExternalFM\FM\Airframe.h(809,91): warning C4244: 'return': conversion from 'double' to 'float', possible loss of data
D:\Games\VS2022\community-a4e-c-master\A-4E-C\ExternalFM\FM\Airframe.h(813,77): warning C4244: 'return': conversion from 'double' to 'float', possible loss of data
D:\Games\VS2022\community-a4e-c-master\A-4E-C\ExternalFM\FM\Airframe.h(817,67): warning C4244: 'return': conversion from 'double' to 'float', possible loss of data
D:\Games\VS2022\community-a4e-c-master\A-4E-C\ExternalFM\FM\AeroElement.h(139,20): warning C4244: '=': conversion from 'double' to 'float', possible loss of data
  Airframe.cpp
D:\Games\VS2022\community-a4e-c-master\A-4E-C\ExternalFM\FM\Vec3.h(174,4): warning C4244: 'initializing': conversion from 'const double' to 'float', possible loss of data
D:\Games\VS2022\community-a4e-c-master\A-4E-C\ExternalFM\FM\Vec3.h(174,14): warning C4244: 'initializing': conversion from 'const double' to 'float', possible loss of data
D:\Games\VS2022\community-a4e-c-master\A-4E-C\ExternalFM\FM\Vec3.h(174,24): warning C4244: 'initializing': conversion from 'const double' to 'float', possible loss of data
D:\Games\VS2022\community-a4e-c-master\A-4E-C\ExternalFM\FM\Table.h(30,20): warning C4244: '=': conversion from 'double' to 'int', possible loss of data
D:\Games\VS2022\community-a4e-c-master\A-4E-C\ExternalFM\FM\Table.h(41,13): warning C4244: 'initializing': conversion from 'double' to 'int', possible loss of data
D:\Games\VS2022\community-a4e-c-master\A-4E-C\ExternalFM\FM\Table.h(42,13): warning C4244: 'initializing': conversion from 'double' to 'int', possible loss of data
D:\Games\VS2022\community-a4e-c-master\A-4E-C\ExternalFM\FM\Table.h(75,20): warning C4244: '=': conversion from 'double' to 'int', possible loss of data
D:\Games\VS2022\community-a4e-c-master\A-4E-C\ExternalFM\FM\Table.h(86,13): warning C4244: 'initializing': conversion from 'double' to 'int', possible loss of data
D:\Games\VS2022\community-a4e-c-master\A-4E-C\ExternalFM\FM\Table.h(87,13): warning C4244: 'initializing': conversion from 'double' to 'int', possible loss of data
D:\Games\VS2022\community-a4e-c-master\A-4E-C\ExternalFM\FM\Engine2.h(31,1): warning C4005: 'PI': macro redefinition
D:\Games\VS2022\community-a4e-c-master\A-4E-C\ExternalFM\FM\Maths.h(23,1): message : see previous definition of 'PI'
D:\Games\VS2022\community-a4e-c-master\A-4E-C\ExternalFM\FM\Airframe.h(379,54): warning C4244: 'argument': conversion from 'double' to 'float', possible loss of data
D:\Games\VS2022\community-a4e-c-master\A-4E-C\ExternalFM\FM\Airframe.h(755,50): warning C4244: '=': conversion from 'double' to 'float', possible loss of data
D:\Games\VS2022\community-a4e-c-master\A-4E-C\ExternalFM\FM\Airframe.h(765,107): warning C4244: 'return': conversion from 'double' to 'float', possible loss of data
D:\Games\VS2022\community-a4e-c-master\A-4E-C\ExternalFM\FM\Airframe.h(770,107): warning C4244: 'return': conversion from 'double' to 'float', possible loss of data
D:\Games\VS2022\community-a4e-c-master\A-4E-C\ExternalFM\FM\Airframe.h(775,69): warning C4244: 'return': conversion from 'double' to 'float', possible loss of data
D:\Games\VS2022\community-a4e-c-master\A-4E-C\ExternalFM\FM\Airframe.h(780,76): warning C4244: 'return': conversion from 'double' to 'float', possible loss of data
D:\Games\VS2022\community-a4e-c-master\A-4E-C\ExternalFM\FM\Airframe.h(790,79): warning C4244: 'return': conversion from 'double' to 'float', possible loss of data
D:\Games\VS2022\community-a4e-c-master\A-4E-C\ExternalFM\FM\Airframe.h(795,75): warning C4244: 'return': conversion from 'double' to 'float', possible loss of data
D:\Games\VS2022\community-a4e-c-master\A-4E-C\ExternalFM\FM\Airframe.h(800,13): warning C4244: 'return': conversion from 'double' to 'float', possible loss of data
D:\Games\VS2022\community-a4e-c-master\A-4E-C\ExternalFM\FM\Airframe.h(804,13): warning C4244: 'return': conversion from 'double' to 'float', possible loss of data
D:\Games\VS2022\community-a4e-c-master\A-4E-C\ExternalFM\FM\Airframe.h(809,91): warning C4244: 'return': conversion from 'double' to 'float', possible loss of data
D:\Games\VS2022\community-a4e-c-master\A-4E-C\ExternalFM\FM\Airframe.h(813,77): warning C4244: 'return': conversion from 'double' to 'float', possible loss of data
D:\Games\VS2022\community-a4e-c-master\A-4E-C\ExternalFM\FM\Airframe.h(817,67): warning C4244: 'return': conversion from 'double' to 'float', possible loss of data
  Engine2.cpp
D:\Games\VS2022\community-a4e-c-master\A-4E-C\ExternalFM\FM\Table.h(30,20): warning C4244: '=': conversion from 'double' to 'int', possible loss of data
D:\Games\VS2022\community-a4e-c-master\A-4E-C\ExternalFM\FM\Table.h(41,13): warning C4244: 'initializing': conversion from 'double' to 'int', possible loss of data
D:\Games\VS2022\community-a4e-c-master\A-4E-C\ExternalFM\FM\Table.h(42,13): warning C4244: 'initializing': conversion from 'double' to 'int', possible loss of data
D:\Games\VS2022\community-a4e-c-master\A-4E-C\ExternalFM\FM\Table.h(75,20): warning C4244: '=': conversion from 'double' to 'int', possible loss of data
D:\Games\VS2022\community-a4e-c-master\A-4E-C\ExternalFM\FM\Table.h(86,13): warning C4244: 'initializing': conversion from 'double' to 'int', possible loss of data
D:\Games\VS2022\community-a4e-c-master\A-4E-C\ExternalFM\FM\Table.h(87,13): warning C4244: 'initializing': conversion from 'double' to 'int', possible loss of data
D:\Games\VS2022\community-a4e-c-master\A-4E-C\ExternalFM\FM\Vec3.h(174,4): warning C4244: 'initializing': conversion from 'const double' to 'float', possible loss of data
D:\Games\VS2022\community-a4e-c-master\A-4E-C\ExternalFM\FM\Vec3.h(174,14): warning C4244: 'initializing': conversion from 'const double' to 'float', possible loss of data
D:\Games\VS2022\community-a4e-c-master\A-4E-C\ExternalFM\FM\Vec3.h(174,24): warning C4244: 'initializing': conversion from 'const double' to 'float', possible loss of data
D:\Games\VS2022\community-a4e-c-master\A-4E-C\ExternalFM\FM\Engine2.h(31,1): warning C4005: 'PI': macro redefinition
D:\Games\VS2022\community-a4e-c-master\A-4E-C\ExternalFM\FM\Maths.h(23,1): message : see previous definition of 'PI'
  FlightModel.cpp
D:\Games\VS2022\community-a4e-c-master\A-4E-C\ExternalFM\FM\Vec3.h(174,4): warning C4244: 'initializing': conversion from 'const double' to 'float', possible loss of data
D:\Games\VS2022\community-a4e-c-master\A-4E-C\ExternalFM\FM\Vec3.h(174,14): warning C4244: 'initializing': conversion from 'const double' to 'float', possible loss of data
D:\Games\VS2022\community-a4e-c-master\A-4E-C\ExternalFM\FM\Vec3.h(174,24): warning C4244: 'initializing': conversion from 'const double' to 'float', possible loss of data
D:\Games\VS2022\community-a4e-c-master\A-4E-C\ExternalFM\FM\Table.h(30,20): warning C4244: '=': conversion from 'double' to 'int', possible loss of data
D:\Games\VS2022\community-a4e-c-master\A-4E-C\ExternalFM\FM\Table.h(41,13): warning C4244: 'initializing': conversion from 'double' to 'int', possible loss of data
D:\Games\VS2022\community-a4e-c-master\A-4E-C\ExternalFM\FM\Table.h(42,13): warning C4244: 'initializing': conversion from 'double' to 'int', possible loss of data
D:\Games\VS2022\community-a4e-c-master\A-4E-C\ExternalFM\FM\Table.h(75,20): warning C4244: '=': conversion from 'double' to 'int', possible loss of data
D:\Games\VS2022\community-a4e-c-master\A-4E-C\ExternalFM\FM\Table.h(86,13): warning C4244: 'initializing': conversion from 'double' to 'int', possible loss of data
D:\Games\VS2022\community-a4e-c-master\A-4E-C\ExternalFM\FM\Table.h(87,13): warning C4244: 'initializing': conversion from 'double' to 'int', possible loss of data
D:\Games\VS2022\community-a4e-c-master\A-4E-C\ExternalFM\FM\Engine2.h(31,1): warning C4005: 'PI': macro redefinition
D:\Games\VS2022\community-a4e-c-master\A-4E-C\ExternalFM\FM\Maths.h(23,1): message : see previous definition of 'PI'
D:\Games\VS2022\community-a4e-c-master\A-4E-C\ExternalFM\FM\Airframe.h(379,54): warning C4244: 'argument': conversion from 'double' to 'float', possible loss of data
D:\Games\VS2022\community-a4e-c-master\A-4E-C\ExternalFM\FM\Airframe.h(755,50): warning C4244: '=': conversion from 'double' to 'float', possible loss of data
D:\Games\VS2022\community-a4e-c-master\A-4E-C\ExternalFM\FM\Airframe.h(765,107): warning C4244: 'return': conversion from 'double' to 'float', possible loss of data
D:\Games\VS2022\community-a4e-c-master\A-4E-C\ExternalFM\FM\Airframe.h(770,107): warning C4244: 'return': conversion from 'double' to 'float', possible loss of data
D:\Games\VS2022\community-a4e-c-master\A-4E-C\ExternalFM\FM\Airframe.h(775,69): warning C4244: 'return': conversion from 'double' to 'float', possible loss of data
D:\Games\VS2022\community-a4e-c-master\A-4E-C\ExternalFM\FM\Airframe.h(780,76): warning C4244: 'return': conversion from 'double' to 'float', possible loss of data
D:\Games\VS2022\community-a4e-c-master\A-4E-C\ExternalFM\FM\Airframe.h(790,79): warning C4244: 'return': conversion from 'double' to 'float', possible loss of data
D:\Games\VS2022\community-a4e-c-master\A-4E-C\ExternalFM\FM\Airframe.h(795,75): warning C4244: 'return': conversion from 'double' to 'float', possible loss of data
D:\Games\VS2022\community-a4e-c-master\A-4E-C\ExternalFM\FM\Airframe.h(800,13): warning C4244: 'return': conversion from 'double' to 'float', possible loss of data
D:\Games\VS2022\community-a4e-c-master\A-4E-C\ExternalFM\FM\Airframe.h(804,13): warning C4244: 'return': conversion from 'double' to 'float', possible loss of data
D:\Games\VS2022\community-a4e-c-master\A-4E-C\ExternalFM\FM\Airframe.h(809,91): warning C4244: 'return': conversion from 'double' to 'float', possible loss of data
D:\Games\VS2022\community-a4e-c-master\A-4E-C\ExternalFM\FM\Airframe.h(813,77): warning C4244: 'return': conversion from 'double' to 'float', possible loss of data
D:\Games\VS2022\community-a4e-c-master\A-4E-C\ExternalFM\FM\Airframe.h(817,67): warning C4244: 'return': conversion from 'double' to 'float', possible loss of data
D:\Games\VS2022\community-a4e-c-master\A-4E-C\ExternalFM\FM\Interface.h(221,26): warning C4477: 'sscanf_s' : format string '%p' requires an argument of type 'void **', but variadic argument 1 has type 'uintptr_t *'
D:\Games\VS2022\community-a4e-c-master\A-4E-C\ExternalFM\FM\AeroElement.h(139,20): warning C4244: '=': conversion from 'double' to 'float', possible loss of data
D:\Games\VS2022\community-a4e-c-master\A-4E-C\ExternalFM\FM\FlightModel.cpp(163,17): warning C4267: 'initializing': conversion from 'size_t' to 'int', possible loss of data
D:\Games\VS2022\community-a4e-c-master\A-4E-C\ExternalFM\FM\FlightModel.cpp(164,18): warning C4267: 'initializing': conversion from 'size_t' to 'int', possible loss of data
D:\Games\VS2022\community-a4e-c-master\A-4E-C\ExternalFM\FM\FlightModel.cpp(437,39): warning C4244: '=': conversion from 'double' to 'float', possible loss of data
D:\Games\VS2022\community-a4e-c-master\A-4E-C\ExternalFM\FM\FlightModel.cpp(461,39): warning C4244: '=': conversion from 'double' to 'float', possible loss of data
D:\Games\VS2022\community-a4e-c-master\A-4E-C\ExternalFM\FM\FlightModel.cpp(555,65): warning C4244: 'argument': conversion from 'double' to 'float', possible loss of data
D:\Games\VS2022\community-a4e-c-master\A-4E-C\ExternalFM\FM\FlightModel.cpp(567,65): warning C4244: 'argument': conversion from 'double' to 'float', possible loss of data
  FuelSystem2.cpp
D:\Games\VS2022\community-a4e-c-master\A-4E-C\ExternalFM\FM\Table.h(30,20): warning C4244: '=': conversion from 'double' to 'int', possible loss of data
D:\Games\VS2022\community-a4e-c-master\A-4E-C\ExternalFM\FM\Table.h(41,13): warning C4244: 'initializing': conversion from 'double' to 'int', possible loss of data
D:\Games\VS2022\community-a4e-c-master\A-4E-C\ExternalFM\FM\Table.h(42,13): warning C4244: 'initializing': conversion from 'double' to 'int', possible loss of data
D:\Games\VS2022\community-a4e-c-master\A-4E-C\ExternalFM\FM\Table.h(75,20): warning C4244: '=': conversion from 'double' to 'int', possible loss of data
D:\Games\VS2022\community-a4e-c-master\A-4E-C\ExternalFM\FM\Table.h(86,13): warning C4244: 'initializing': conversion from 'double' to 'int', possible loss of data
D:\Games\VS2022\community-a4e-c-master\A-4E-C\ExternalFM\FM\Table.h(87,13): warning C4244: 'initializing': conversion from 'double' to 'int', possible loss of data
D:\Games\VS2022\community-a4e-c-master\A-4E-C\ExternalFM\FM\Vec3.h(174,4): warning C4244: 'initializing': conversion from 'const double' to 'float', possible loss of data
D:\Games\VS2022\community-a4e-c-master\A-4E-C\ExternalFM\FM\Vec3.h(174,14): warning C4244: 'initializing': conversion from 'const double' to 'float', possible loss of data
D:\Games\VS2022\community-a4e-c-master\A-4E-C\ExternalFM\FM\Vec3.h(174,24): warning C4244: 'initializing': conversion from 'const double' to 'float', possible loss of data
D:\Games\VS2022\community-a4e-c-master\A-4E-C\ExternalFM\FM\Engine2.h(31,1): warning C4005: 'PI': macro redefinition
D:\Games\VS2022\community-a4e-c-master\A-4E-C\ExternalFM\FM\Maths.h(23,1): message : see previous definition of 'PI'
  Scooter.cpp
D:\Games\VS2022\community-a4e-c-master\A-4E-C\ExternalFM\FM\Vec3.h(174,4): warning C4244: 'initializing': conversion from 'const double' to 'float', possible loss of data
D:\Games\VS2022\community-a4e-c-master\A-4E-C\ExternalFM\FM\Vec3.h(174,14): warning C4244: 'initializing': conversion from 'const double' to 'float', possible loss of data
D:\Games\VS2022\community-a4e-c-master\A-4E-C\ExternalFM\FM\Vec3.h(174,24): warning C4244: 'initializing': conversion from 'const double' to 'float', possible loss of data
D:\Games\VS2022\community-a4e-c-master\A-4E-C\ExternalFM\FM\Table.h(30,20): warning C4244: '=': conversion from 'double' to 'int', possible loss of data
D:\Games\VS2022\community-a4e-c-master\A-4E-C\ExternalFM\FM\Table.h(41,13): warning C4244: 'initializing': conversion from 'double' to 'int', possible loss of data
D:\Games\VS2022\community-a4e-c-master\A-4E-C\ExternalFM\FM\Table.h(42,13): warning C4244: 'initializing': conversion from 'double' to 'int', possible loss of data
D:\Games\VS2022\community-a4e-c-master\A-4E-C\ExternalFM\FM\Table.h(75,20): warning C4244: '=': conversion from 'double' to 'int', possible loss of data
D:\Games\VS2022\community-a4e-c-master\A-4E-C\ExternalFM\FM\Table.h(86,13): warning C4244: 'initializing': conversion from 'double' to 'int', possible loss of data
D:\Games\VS2022\community-a4e-c-master\A-4E-C\ExternalFM\FM\Table.h(87,13): warning C4244: 'initializing': conversion from 'double' to 'int', possible loss of data
D:\Games\VS2022\community-a4e-c-master\A-4E-C\ExternalFM\FM\Engine2.h(31,1): warning C4005: 'PI': macro redefinition
D:\Games\VS2022\community-a4e-c-master\A-4E-C\ExternalFM\FM\Maths.h(23,1): message : see previous definition of 'PI'
D:\Games\VS2022\community-a4e-c-master\A-4E-C\ExternalFM\FM\Airframe.h(379,54): warning C4244: 'argument': conversion from 'double' to 'float', possible loss of data
D:\Games\VS2022\community-a4e-c-master\A-4E-C\ExternalFM\FM\Airframe.h(755,50): warning C4244: '=': conversion from 'double' to 'float', possible loss of data
D:\Games\VS2022\community-a4e-c-master\A-4E-C\ExternalFM\FM\Airframe.h(765,107): warning C4244: 'return': conversion from 'double' to 'float', possible loss of data
D:\Games\VS2022\community-a4e-c-master\A-4E-C\ExternalFM\FM\Airframe.h(770,107): warning C4244: 'return': conversion from 'double' to 'float', possible loss of data
D:\Games\VS2022\community-a4e-c-master\A-4E-C\ExternalFM\FM\Airframe.h(775,69): warning C4244: 'return': conversion from 'double' to 'float', possible loss of data
D:\Games\VS2022\community-a4e-c-master\A-4E-C\ExternalFM\FM\Airframe.h(780,76): warning C4244: 'return': conversion from 'double' to 'float', possible loss of data
D:\Games\VS2022\community-a4e-c-master\A-4E-C\ExternalFM\FM\Airframe.h(790,79): warning C4244: 'return': conversion from 'double' to 'float', possible loss of data
D:\Games\VS2022\community-a4e-c-master\A-4E-C\ExternalFM\FM\Airframe.h(795,75): warning C4244: 'return': conversion from 'double' to 'float', possible loss of data
D:\Games\VS2022\community-a4e-c-master\A-4E-C\ExternalFM\FM\Airframe.h(800,13): warning C4244: 'return': conversion from 'double' to 'float', possible loss of data
D:\Games\VS2022\community-a4e-c-master\A-4E-C\ExternalFM\FM\Airframe.h(804,13): warning C4244: 'return': conversion from 'double' to 'float', possible loss of data
D:\Games\VS2022\community-a4e-c-master\A-4E-C\ExternalFM\FM\Airframe.h(809,91): warning C4244: 'return': conversion from 'double' to 'float', possible loss of data
D:\Games\VS2022\community-a4e-c-master\A-4E-C\ExternalFM\FM\Airframe.h(813,77): warning C4244: 'return': conversion from 'double' to 'float', possible loss of data
D:\Games\VS2022\community-a4e-c-master\A-4E-C\ExternalFM\FM\Airframe.h(817,67): warning C4244: 'return': conversion from 'double' to 'float', possible loss of data
D:\Games\VS2022\community-a4e-c-master\A-4E-C\ExternalFM\FM\Interface.h(221,26): warning C4477: 'sscanf_s' : format string '%p' requires an argument of type 'void **', but variadic argument 1 has type 'uintptr_t *'
D:\Games\VS2022\community-a4e-c-master\A-4E-C\ExternalFM\FM\AeroElement.h(139,20): warning C4244: '=': conversion from 'double' to 'float', possible loss of data
D:\Games\VS2022\community-a4e-c-master\A-4E-C\ExternalFM\FM\Radar.h(227,70): warning C4244: 'argument': conversion from 'double' to 'float', possible loss of data
D:\Games\VS2022\community-a4e-c-master\A-4E-C\ExternalFM\FM\Radar.h(234,70): warning C4244: 'argument': conversion from 'double' to 'float', possible loss of data
D:\Games\VS2022\community-a4e-c-master\A-4E-C\ExternalFM\FM\Radar.h(261,15): warning C4244: '=': conversion from 'long double' to 'size_t', possible loss of data
D:\Games\VS2022\community-a4e-c-master\A-4E-C\ExternalFM\FM\Radar.h(356,12): warning C4244: 'initializing': conversion from 'double' to 'size_t', possible loss of data
D:\Games\VS2022\community-a4e-c-master\A-4E-C\ExternalFM\FM\Radar.h(357,12): warning C4244: 'initializing': conversion from 'double' to 'size_t', possible loss of data
D:\Games\VS2022\community-a4e-c-master\A-4E-C\ExternalFM\FM\Radar.h(432,59): warning C4244: 'argument': conversion from 'double' to 'float', possible loss of data
D:\Games\VS2022\community-a4e-c-master\A-4E-C\ExternalFM\FM\Asteroids.h(346,49): warning C4267: 'argument': conversion from 'size_t' to 'int', possible loss of data
D:\Games\VS2022\community-a4e-c-master\A-4E-C\ExternalFM\FM\Scooter.cpp(853,29): warning C4244: '=': conversion from 'double' to 'float', possible loss of data
D:\Games\VS2022\community-a4e-c-master\A-4E-C\ExternalFM\FM\Scooter.cpp(854,52): warning C4244: '=': conversion from 'double' to 'float', possible loss of data
D:\Games\VS2022\community-a4e-c-master\A-4E-C\ExternalFM\FM\Scooter.cpp(856,53): warning C4244: '=': conversion from 'double' to 'float', possible loss of data
D:\Games\VS2022\community-a4e-c-master\A-4E-C\ExternalFM\FM\Scooter.cpp(857,54): warning C4244: '=': conversion from 'double' to 'float', possible loss of data
D:\Games\VS2022\community-a4e-c-master\A-4E-C\ExternalFM\FM\Scooter.cpp(859,23): warning C4244: '=': conversion from 'double' to 'float', possible loss of data
D:\Games\VS2022\community-a4e-c-master\A-4E-C\ExternalFM\FM\Scooter.cpp(861,54): warning C4244: '=': conversion from 'double' to 'float', possible loss of data
D:\Games\VS2022\community-a4e-c-master\A-4E-C\ExternalFM\FM\Scooter.cpp(862,55): warning C4244: '=': conversion from 'double' to 'float', possible loss of data
D:\Games\VS2022\community-a4e-c-master\A-4E-C\ExternalFM\FM\Scooter.cpp(864,54): warning C4244: '=': conversion from 'double' to 'float', possible loss of data
D:\Games\VS2022\community-a4e-c-master\A-4E-C\ExternalFM\FM\Scooter.cpp(865,55): warning C4244: '=': conversion from 'double' to 'float', possible loss of data
D:\Games\VS2022\community-a4e-c-master\A-4E-C\ExternalFM\FM\Scooter.cpp(867,58): warning C4244: '=': conversion from 'double' to 'float', possible loss of data
D:\Games\VS2022\community-a4e-c-master\A-4E-C\ExternalFM\FM\Scooter.cpp(871,61): warning C4244: '=': conversion from 'double' to 'float', possible loss of data
D:\Games\VS2022\community-a4e-c-master\A-4E-C\ExternalFM\FM\Scooter.cpp(945,3): warning C4984: 'if constexpr' is a C++17 language extension
D:\Games\VS2022\community-a4e-c-master\A-4E-C\ExternalFM\FM\Scooter.cpp(999,25): warning C4244: '=': conversion from 'double' to 'float', possible loss of data
D:\Games\VS2022\community-a4e-c-master\A-4E-C\ExternalFM\FM\Scooter.cpp(1000,25): warning C4244: '=': conversion from 'double' to 'float', possible loss of data
D:\Games\VS2022\community-a4e-c-master\A-4E-C\ExternalFM\FM\Scooter.cpp(1199,42): warning C4244: '=': conversion from 'double' to 'float', possible loss of data
D:\Games\VS2022\community-a4e-c-master\A-4E-C\ExternalFM\FM\Scooter.cpp(1202,48): warning C4267: '=': conversion from 'size_t' to 'unsigned int', possible loss of data
  Generating Code...
D:\Games\VS2022\community-a4e-c-master\A-4E-C\ExternalFM\FM\Input.h(230): warning C4172: returning address of local variable or temporary
D:\Games\VS2022\community-a4e-c-master\A-4E-C\ExternalFM\FM\Input.h(218): warning C4172: returning address of local variable or temporary
D:\Games\VS2022\community-a4e-c-master\A-4E-C\ExternalFM\FM\Input.h(233): warning C4172: returning address of local variable or temporary
D:\Games\VS2022\community-a4e-c-master\A-4E-C\ExternalFM\FM\Input.h(221): warning C4172: returning address of local variable or temporary
D:\Games\VS2022\community-a4e-c-master\A-4E-C\ExternalFM\FM\AeroElement.cpp(223): warning C4715: 'Scooter::AeroControlElement::controlInput': not all control paths return a value
  FM.vcxproj -> C:\Users\Egno\Desktop\Teste\A-4E-C.dll
